#
# A fatal error has been detected by the Java Runtime Environment:
#
#  SIGSEGV (0xb) at pc=0x00007fe2630603d1, pid=19746, tid=19814
#
# JRE version: OpenJDK Runtime Environment (11.0.11+9) (build 11.0.11+9-Ubuntu-0ubuntu2.18.04)
# Java VM: OpenJDK 64-Bit Server VM (11.0.11+9-Ubuntu-0ubuntu2.18.04, mixed mode, sharing, tiered, compressed oops, g1 gc, linux-amd64)
# Problematic frame:
# C  [libjimage.so+0x23d1]
#
# Core dump will be written. Default location: Core dumps may be processed with "/usr/share/apport/apport %p %s %c %d %P %E" (or dumping to /home/peace/Desktop/Projects/TRIALS/springboot-Backend/core.19746)
#
# If you would like to submit a bug report, please visit:
#   https://bugs.launchpad.net/ubuntu/+source/openjdk-lts
#

---------------  S U M M A R Y ------------

Command Line: -agentlib:jdwp=transport=dt_socket,suspend=y,address=localhost:36583 -Dcom.sun.management.jmxremote -Dcom.sun.management.jmxremote.port=36901 -Dcom.sun.management.jmxremote.authenticate=false -Dcom.sun.management.jmxremote.ssl=false -Djava.rmi.server.hostname=localhost -Dspring.jmx.enabled=true -Dspring.liveBeansView.mbeanDomain -Dspring.application.admin.enabled=true -Djava.security.egd=file:/dev/./urandom -Xverify:none -XX:TieredStopAtLevel=1 -Dspring.boot.project.name=springboot-Backend -javaagent:/home/peace/.eclipse/360744286_linux_gtk_x86_64/configuration/org.eclipse.osgi/222/0/.cp/lib/javaagent-shaded.jar -Dfile.encoding=UTF-8 net.javaguides.SpringbootBackendApplication

Host: Intel(R) Core(TM) i7-6500U CPU @ 2.50GHz, 4 cores, 7G, Ubuntu 18.04.5 LTS
Time: Mon Aug  2 18:46:04 2021 CAT elapsed time: 399.563390 seconds (0d 0h 6m 39s)

---------------  T H R E A D  ---------------

Current thread (0x00007fe25c5d5000):  JavaThread "RMI TCP Accept-36901" daemon [_thread_in_vm, id=19814, stack(0x00007fe234787000,0x00007fe234888000)]

Stack: [0x00007fe234787000,0x00007fe234888000],  sp=0x00007fe234885230,  free space=1016k
Native frames: (J=compiled Java code, A=aot compiled Java code, j=interpreted, Vv=VM code, C=native code)
C  [libjimage.so+0x23d1]
C  [libjimage.so+0x304a]
C  [libjimage.so+0x3515]  JIMAGE_FindResource+0xd5
V  [libjvm.so+0x596f2f]
V  [libjvm.so+0x5991cb]
V  [libjvm.so+0xd845ac]
V  [libjvm.so+0xd831d2]
V  [libjvm.so+0xd856e6]
V  [libjvm.so+0x6403ad]
V  [libjvm.so+0x824a4a]
j  sun.rmi.transport.tcp.TCPTransport$AcceptLoop.executeAcceptLoop()V+68 java.rmi@11.0.11
j  sun.rmi.transport.tcp.TCPTransport$AcceptLoop.run()V+1 java.rmi@11.0.11
j  java.lang.Thread.run()V+11 java.base@11.0.11
v  ~StubRoutines::call_stub
V  [libjvm.so+0x82db91]
V  [libjvm.so+0x82c030]
V  [libjvm.so+0x82c0eb]
V  [libjvm.so+0x8cae9c]
V  [libjvm.so+0xdba950]
V  [libjvm.so+0xdb67e9]
V  [libjvm.so+0xb7b34e]

Java frames: (J=compiled Java code, j=interpreted, Vv=VM code)
j  sun.rmi.transport.tcp.TCPTransport$AcceptLoop.executeAcceptLoop()V+68 java.rmi@11.0.11
j  sun.rmi.transport.tcp.TCPTransport$AcceptLoop.run()V+1 java.rmi@11.0.11
j  java.lang.Thread.run()V+11 java.base@11.0.11
v  ~StubRoutines::call_stub

siginfo: si_signo: 11 (SIGSEGV), si_code: 1 (SEGV_MAPERR), si_addr: 0x00007fe253883a60

Register to memory mapping:

RAX=0x0000000000002e91 is an unknown value
RBX=0x00007fe2348852e1 is pointing into the stack for thread: 0x00007fe25c5d5000
RCX=0x00007fe25387801c is an unknown value
RDX=0x0000000000002e91 is an unknown value
RSP=0x00007fe234885230 is pointing into the stack for thread: 0x00007fe25c5d5000
RBP=0x00007fe234885250 is pointing into the stack for thread: 0x00007fe25c5d5000
RSI=0x00007fe2348852e0 is pointing into the stack for thread: 0x00007fe25c5d5000
RDI=0x00007fe263263030: <offset 0x0000000000205030> in /usr/lib/jvm/java-11-openjdk-amd64/lib/libjimage.so at 0x00007fe26305e000
R8 =0x0 is NULL
R9 =0x000000000ccbfc40 is an unknown value
R10=0x00007fe23488531d is pointing into the stack for thread: 0x00007fe25c5d5000
R11=0x00007fe265e0e440: <offset 0x00000000001af440> in /lib/x86_64-linux-gnu/libc.so.6 at 0x00007fe265c5f000
R12=0x00007fe2348852e0 is pointing into the stack for thread: 0x00007fe25c5d5000
R13=0x000000000000843b is an unknown value
R14=0x00007fe234886378 is pointing into the stack for thread: 0x00007fe25c5d5000
R15=0x00007fe20c0e0760 points into unknown readable memory: 0x2f696d722f6e7573 | 73 75 6e 2f 72 6d 69 2f


Registers:
RAX=0x0000000000002e91, RBX=0x00007fe2348852e1, RCX=0x00007fe25387801c, RDX=0x0000000000002e91
RSP=0x00007fe234885230, RBP=0x00007fe234885250, RSI=0x00007fe2348852e0, RDI=0x00007fe263263030
R8 =0x0000000000000000, R9 =0x000000000ccbfc40, R10=0x00007fe23488531d, R11=0x00007fe265e0e440
R12=0x00007fe2348852e0, R13=0x000000000000843b, R14=0x00007fe234886378, R15=0x00007fe20c0e0760
RIP=0x00007fe2630603d1, EFLAGS=0x0000000000010246, CSGSFS=0x002b000000000033, ERR=0x0000000000000004
  TRAPNO=0x000000000000000e

Top of Stack: (sp=0x00007fe234885230)
0x00007fe234885230:   0000000000000000 00007fe25c009860
0x00007fe234885240:   0000000000000000 00007fe2348852e0
0x00007fe234885250:   00007fe2348852c0 00007fe26306104a
0x00007fe234885260:   0000000000000000 0000000000000000 

Instructions: (pc=0x00007fe2630603d1)
0x00007fe2630602d1:   48 89 df 48 89 4d 88 e8 53 f3 ff ff 48 8b 4d 88
0x00007fe2630602e1:   44 03 6d 90 e9 42 fd ff ff 66 0f 1f 44 00 00 8b
0x00007fe2630602f1:   08 41 89 0e 44 89 c1 8b 74 08 fc 41 89 74 0e fc
0x00007fe263060301:   e9 d8 fe ff ff 66 2e 0f 1f 84 00 00 00 00 00 b9
0x00007fe263060311:   0a 00 00 00 e9 95 fd ff ff 44 89 c1 0f b7 74 08
0x00007fe263060321:   fe 66 41 89 74 0e fe e9 b1 fe ff ff 0f 1f 00 0f
0x00007fe263060331:   b6 17 89 f1 4c 8d 47 01 84 d2 74 1a 0f 1f 00 69
0x00007fe263060341:   c9 93 01 00 01 49 83 c0 01 31 d1 41 0f b6 50 ff
0x00007fe263060351:   84 d2 75 eb 89 ce 89 f0 25 ff ff ff 7f c3 90 48
0x00007fe263060361:   85 d2 0f 84 e1 00 00 00 85 c9 0f 84 d9 00 00 00
0x00007fe263060371:   55 48 89 e5 41 55 41 54 53 48 8d 5e 01 48 83 ec
0x00007fe263060381:   08 44 0f b6 06 45 84 c0 0f 84 b1 00 00 00 49 89
0x00007fe263060391:   da b8 93 01 00 01 66 0f 1f 84 00 00 00 00 00 44
0x00007fe2630603a1:   69 c8 93 01 00 01 49 83 c2 01 41 0f b6 c0 45 0f
0x00007fe2630603b1:   b6 42 ff 44 31 c8 45 84 c0 75 e4 25 ff ff ff 7f
0x00007fe2630603c1:   41 89 cd 48 89 d1 31 d2 49 89 f4 41 f7 f5 89 d0
0x00007fe2630603d1:   8b 34 81 48 8b 07 ff 50 20 85 c0 7f 22 ba ff ff
0x00007fe2630603e1:   ff ff 74 04 f7 d0 89 c2 48 83 c4 08 89 d0 5b 41
0x00007fe2630603f1:   5c 41 5d 5d c3 66 2e 0f 1f 84 00 00 00 00 00 41
0x00007fe263060401:   0f b6 34 24 89 c7 40 84 f6 74 1b 0f 1f 40 00 69
0x00007fe263060411:   ff 93 01 00 01 48 83 c3 01 31 f7 0f b6 73 ff 40
0x00007fe263060421:   84 f6 75 eb 89 f8 25 ff ff ff 7f 31 d2 48 83 c4
0x00007fe263060431:   08 41 f7 f5 5b 41 5c 41 5d 5d 89 d0 c3 66 90 b8
0x00007fe263060441:   93 01 00 01 e9 77 ff ff ff 83 ca ff 89 d0 c3 0f
0x00007fe263060451:   b6 17 48 89 f8 84 d2 75 19 eb 1e 0f 1f 40 00 38
0x00007fe263060461:   ca 75 1c 48 83 c0 01 0f b6 10 48 83 c6 01 84 d2
0x00007fe263060471:   74 15 0f b6 0e 84 c9 75 e6 c3 0f 1f 44 00 00 31
0x00007fe263060481:   c0 c3 0f 1f 44 00 00 c3 90 66 0f 1f 44 00 00 48
0x00007fe263060491:   85 f6 74 5a 0f b6 06 84 c0 74 54 0f 1f 40 00 0f
0x00007fe2630604a1:   b6 d0 83 e0 07 c1 fa 03 44 8d 50 01 0f b6 c0 41
0x00007fe2630604b1:   89 d1 4c 8d 44 06 02 48 8d 56 01 31 c0 66 90 0f
0x00007fe2630604c1:   b6 0a 48 c1 e0 08 48 83 c2 01 48 09 c8 49 39 d0 


Stack slot to memory mapping:
stack at sp + 0 slots: 0x0 is NULL
stack at sp + 1 slots: 0x00007fe25c009860 points into unknown readable memory: 0x00007fe2080056b0 | b0 56 00 08 e2 7f 00 00
stack at sp + 2 slots: 0x0 is NULL
stack at sp + 3 slots: 0x00007fe2348852e0 is pointing into the stack for thread: 0x00007fe25c5d5000
stack at sp + 4 slots: 0x00007fe2348852c0 is pointing into the stack for thread: 0x00007fe25c5d5000
stack at sp + 5 slots: 0x00007fe26306104a: <offset 0x000000000000304a> in /usr/lib/jvm/java-11-openjdk-amd64/lib/libjimage.so at 0x00007fe26305e000
stack at sp + 6 slots: 0x0 is NULL
stack at sp + 7 slots: 0x0 is NULL


---------------  P R O C E S S  ---------------

Threads class SMR info:
_java_thread_list=0x00007fe200001f30, length=13, elements={
0x00007fe25c01a800, 0x00007fe25c17a800, 0x00007fe25c17c800, 0x00007fe25c183800,
0x00007fe25c185800, 0x00007fe25c187800, 0x00007fe25c189800, 0x00007fe25c1a8000,
0x00007fe25c1f2800, 0x00007fe25c1f6800, 0x00007fe25c5cb800, 0x00007fe25c5d5000,
0x00007fe25c5e7000
}

Java Threads: ( => current thread )
  0x00007fe25c01a800 JavaThread "main" [_thread_blocked, id=19754, stack(0x00007fe266359000,0x00007fe26645a000)]
  0x00007fe25c17a800 JavaThread "Reference Handler" daemon [_thread_blocked, id=19761, stack(0x00007fe2604e1000,0x00007fe2605e2000)]
  0x00007fe25c17c800 JavaThread "Finalizer" daemon [_thread_blocked, id=19762, stack(0x00007fe2603e0000,0x00007fe2604e1000)]
  0x00007fe25c183800 JavaThread "Signal Dispatcher" daemon [_thread_blocked, id=19763, stack(0x00007fe260000000,0x00007fe260101000)]
  0x00007fe25c185800 JavaThread "Service Thread" daemon [_thread_blocked, id=19764, stack(0x00007fe23c19f000,0x00007fe23c2a0000)]
  0x00007fe25c187800 JavaThread "C1 CompilerThread0" daemon [_thread_blocked, id=19765, stack(0x00007fe23c09e000,0x00007fe23c19f000)]
  0x00007fe25c189800 JavaThread "Sweeper thread" daemon [_thread_blocked, id=19766, stack(0x00007fe235eff000,0x00007fe236000000)]
  0x00007fe25c1a8000 JavaThread "Common-Cleaner" daemon [_thread_blocked, id=19767, stack(0x00007fe235dfe000,0x00007fe235eff000)]
  0x00007fe25c1f2800 JavaThread "JDWP Transport Listener: dt_socket" daemon [_thread_in_native, id=19769, stack(0x00007fe235af7000,0x00007fe235bf8000)]
  0x00007fe25c1f6800 JavaThread "JDWP Event Helper Thread" daemon [_thread_blocked, id=19770, stack(0x00007fe2359f6000,0x00007fe235af7000)]
  0x00007fe25c5cb800 JavaThread "RMI TCP Accept-0" daemon [_thread_in_native, id=19813, stack(0x00007fe234888000,0x00007fe234989000)]
=>0x00007fe25c5d5000 JavaThread "RMI TCP Accept-36901" daemon [_thread_in_vm, id=19814, stack(0x00007fe234787000,0x00007fe234888000)]
  0x00007fe25c5e7000 JavaThread "RMI TCP Accept-0" daemon [_thread_in_native, id=19815, stack(0x00007fe234686000,0x00007fe234787000)]

Other Threads:
  0x00007fe25c178000 VMThread "VM Thread" [stack: 0x00007fe2605e4000,0x00007fe2606e4000] [id=19760]
  0x00007fe25c5e9800 WatcherThread [stack: 0x00007fe234586000,0x00007fe234686000] [id=19816]
